[INFO] Scanning for projects...
[INFO] 
[INFO] ---------------< ai.freightfox.doc.storage.service:demo >---------------
[INFO] Building f-fox doc storage service 0.0.1-SNAPSHOT
[INFO]   from pom.xml
[INFO] --------------------------------[ jar ]---------------------------------
[INFO] 
[INFO] >>> spring-boot:3.5.4:run (default-cli) > test-compile @ demo >>>
[INFO] 
[INFO] --- resources:3.3.1:resources (default-resources) @ demo ---
[INFO] Copying 1 resource from src/main/resources to target/classes
[INFO] Copying 0 resource from src/main/resources to target/classes
[INFO] 
[INFO] --- compiler:3.14.0:compile (default-compile) @ demo ---
[INFO] Nothing to compile - all classes are up to date.
[INFO] 
[INFO] --- resources:3.3.1:testResources (default-testResources) @ demo ---
[INFO] skip non existing resourceDirectory /Users/gaurair/Downloads/f-fox-doc-storage-service/src/test/resources
[INFO] 
[INFO] --- compiler:3.14.0:testCompile (default-testCompile) @ demo ---
[INFO] Nothing to compile - all classes are up to date.
[INFO] 
[INFO] <<< spring-boot:3.5.4:run (default-cli) < test-compile @ demo <<<
[INFO] 
[INFO] 
[INFO] --- spring-boot:3.5.4:run (default-cli) @ demo ---
[INFO] Attaching agents: []

  .   ____          _            __ _ _
 /\\ / ___'_ __ _ _(_)_ __  __ _ \ \ \ \
( ( )\___ | '_ | '_| | '_ \/ _` | \ \ \ \
 \\/  ___)| |_)| | | | | || (_| |  ) ) ) )
  '  |____| .__|_| |_|_| |_\__, | / / / /
 =========|_|==============|___/=/_/_/_/

 :: Spring Boot ::                (v3.5.4)

2025-08-20T12:27:39.552+05:30  INFO 24366 --- [f-fox doc storage service] [  restartedMain] d.s.s.d.FFoxDocStorageServiceApplication : Starting FFoxDocStorageServiceApplication using Java 23.0.2 with PID 24366 (/Users/gaurair/Downloads/f-fox-doc-storage-service/target/classes started by gaurair in /Users/gaurair/Downloads/f-fox-doc-storage-service)
2025-08-20T12:27:39.554+05:30  INFO 24366 --- [f-fox doc storage service] [  restartedMain] d.s.s.d.FFoxDocStorageServiceApplication : No active profile set, falling back to 1 default profile: "default"
2025-08-20T12:27:39.585+05:30  INFO 24366 --- [f-fox doc storage service] [  restartedMain] .e.DevToolsPropertyDefaultsPostProcessor : Devtools property defaults active! Set 'spring.devtools.add-properties' to 'false' to disable
2025-08-20T12:27:39.586+05:30  INFO 24366 --- [f-fox doc storage service] [  restartedMain] .e.DevToolsPropertyDefaultsPostProcessor : For additional web related logging consider setting the 'logging.level.web' property to 'DEBUG'
2025-08-20T12:27:40.248+05:30  INFO 24366 --- [f-fox doc storage service] [  restartedMain] o.s.b.w.embedded.tomcat.TomcatWebServer  : Tomcat initialized with port 8080 (http)
2025-08-20T12:27:40.259+05:30  INFO 24366 --- [f-fox doc storage service] [  restartedMain] o.apache.catalina.core.StandardService   : Starting service [Tomcat]
2025-08-20T12:27:40.260+05:30  INFO 24366 --- [f-fox doc storage service] [  restartedMain] o.apache.catalina.core.StandardEngine    : Starting Servlet engine: [Apache Tomcat/10.1.43]
2025-08-20T12:27:40.284+05:30  INFO 24366 --- [f-fox doc storage service] [  restartedMain] o.a.c.c.C.[Tomcat].[localhost].[/]       : Initializing Spring embedded WebApplicationContext
2025-08-20T12:27:40.284+05:30  INFO 24366 --- [f-fox doc storage service] [  restartedMain] w.s.c.ServletWebServerApplicationContext : Root WebApplicationContext: initialization completed in 698 ms
2025-08-20T12:27:40.957+05:30  INFO 24366 --- [f-fox doc storage service] [  restartedMain] o.s.b.d.a.OptionalLiveReloadServer       : LiveReload server is running on port 35729
2025-08-20T12:27:40.978+05:30  INFO 24366 --- [f-fox doc storage service] [  restartedMain] o.s.b.w.embedded.tomcat.TomcatWebServer  : Tomcat started on port 8080 (http) with context path '/'
2025-08-20T12:27:40.986+05:30  INFO 24366 --- [f-fox doc storage service] [  restartedMain] d.s.s.d.FFoxDocStorageServiceApplication : Started FFoxDocStorageServiceApplication in 1.67 seconds (process running for 1.931)
2025-08-20T12:27:52.100+05:30  INFO 24366 --- [f-fox doc storage service] [nio-8080-exec-1] o.a.c.c.C.[Tomcat].[localhost].[/]       : Initializing Spring DispatcherServlet 'dispatcherServlet'
2025-08-20T12:27:52.101+05:30  INFO 24366 --- [f-fox doc storage service] [nio-8080-exec-1] o.s.web.servlet.DispatcherServlet        : Initializing Servlet 'dispatcherServlet'
2025-08-20T12:27:52.102+05:30  INFO 24366 --- [f-fox doc storage service] [nio-8080-exec-1] o.s.web.servlet.DispatcherServlet        : Completed initialization in 1 ms
2025-08-20T12:28:18.716+05:30  INFO 24366 --- [f-fox doc storage service] [ionShutdownHook] o.s.b.w.e.tomcat.GracefulShutdown        : Commencing graceful shutdown. Waiting for active requests to complete
2025-08-20T12:28:20.729+05:30  INFO 24366 --- [f-fox doc storage service] [tomcat-shutdown] o.s.b.w.e.tomcat.GracefulShutdown        : Graceful shutdown complete
